<?xml version="1.0" encoding="UTF-8"?>
<!-- Generated by org.testng.reporters.JUnitXMLReporter -->
<testsuite hostname="SharmaPC" name="Test" tests="6" failures="0" timestamp="7 Aug 2019 15:07:21 GMT" time="261.233" errors="0">
  <testcase name="marketing" time="27.293" classname="org.testing.Testscript.TC1"/>
  <testcase name="sales" time="27.804" classname="org.testing.Testscript.TC2"/>
  <testcase name="support" time="22.896" classname="org.testing.Testscript.TC3"/>
  <testcase name="analytics" time="23.732" classname="org.testing.Testscript.TC4"/>
  <testcase name="inventory" time="20.672" classname="org.testing.Testscript.TC5"/>
  <testcase name="marketing" time="20.892" classname="org.testing.Setting.Setting"/>
</testsuite> <!-- Test -->
