<?xml version="1.0" encoding="UTF-8"?>
<!-- Generated by org.testng.reporters.JUnitXMLReporter -->
<testsuite hostname="SharmaPC" name="Command line test 43ba7f94-d482-41e5-9b7c-86e5687e90e2" tests="5" failures="0" timestamp="3 Aug 2019 12:52:12 GMT" time="129.592" errors="0">
  <testcase name="marketing" time="27.324" classname="org.testing.Testscript.TC1"/>
  <testcase name="sales" time="10.274" classname="org.testing.Testscript.TC2"/>
  <testcase name="support" time="8.108" classname="org.testing.Testscript.TC3"/>
  <testcase name="analytics" time="10.326" classname="org.testing.Testscript.TC4"/>
  <testcase name="inventory" time="9.137" classname="org.testing.Testscript.TC5"/>
</testsuite> <!-- Command line test 43ba7f94-d482-41e5-9b7c-86e5687e90e2 -->
