<?xml version="1.0" encoding="UTF-8"?>
<!-- Generated by org.testng.reporters.JUnitXMLReporter -->
<testsuite hostname="SharmaPC" name="Command line test 440f55af-34f1-4921-ba50-10802779236e" tests="5" failures="0" timestamp="5 Aug 2019 05:39:51 GMT" time="94.453" errors="0">
  <testcase name="marketing" time="10.658" classname="org.testing.Testscript.TC1"/>
  <testcase name="sales" time="11.555" classname="org.testing.Testscript.TC2"/>
  <testcase name="support" time="10.675" classname="org.testing.Testscript.TC3"/>
  <testcase name="analytics" time="11.622" classname="org.testing.Testscript.TC4"/>
  <testcase name="inventory" time="11.643" classname="org.testing.Testscript.TC5"/>
</testsuite> <!-- Command line test 440f55af-34f1-4921-ba50-10802779236e -->
