<?xml version="1.0" encoding="UTF-8"?>
<!-- Generated by org.testng.reporters.JUnitXMLReporter -->
<testsuite hostname="SharmaPC" name="Command line test 793b7ea7-9126-419d-90e5-f0051c0c3ec5" tests="2" failures="0" timestamp="7 Aug 2019 15:12:54 GMT" time="67.533" errors="0">
  <testcase name="marketing" time="24.936" classname="org.testing.Testscript.TC1"/>
  <testcase name="marketing" time="22.7" classname="org.testing.Setting.Setting"/>
</testsuite> <!-- Command line test 793b7ea7-9126-419d-90e5-f0051c0c3ec5 -->
